<?xml version="1.0" encoding="UTF-8"?>
<!--
    Starter Blueprint Camel Definition test-camel-context.xml
-->
<blueprint xmlns="http://www.osgi.org/xmlns/blueprint/v1.0.0"
           xmlns:xsi="http://www.w3.org/2001/XMLSchema-instance"
           xmlns:camel="http://camel.apache.org/schema/blueprint"
           xmlns:cm="http://aries.apache.org/blueprint/xmlns/blueprint-cm/v1.0.0"
           xmlns:jaxrs="http://cxf.apache.org/blueprint/jaxrs"
           xsi:schemaLocation="
       http://www.osgi.org/xmlns/blueprint/v1.0.0 http://www.osgi.org/xmlns/blueprint/v1.0.0/blueprint.xsd
       http://camel.apache.org/schema/blueprint http://camel.apache.org/schema/blueprint/camel-blueprint.xsd">

    <!-- Basic Bean Definitions-->

    <bean id="DEIMService" class="com.company.app.DEIMService">
        <property name="camelContext" ref="camelContext" />
    </bean>

    <bean id="routeBuilder" class="com.company.app.MyRouteBuilder" />

    <!-- Osgi Service Related -->
    <!--
        Exposing Services :
        ...

        References to Services :
        <reference id="referenceId" availability="optional" interface="foo.bar.IBaz"/>
    -->

    <jaxrs:server id="restService" address="http://localhost:8181/cxf/myService">
        <jaxrs:serviceBeans>
            <ref component-id="DEIMService" />
        </jaxrs:serviceBeans>
    </jaxrs:server>

    <camelContext id="camelContext" xmlns="http://camel.apache.org/schema/blueprint">
        <routeBuilder ref="routeBuilder" />
    </camelContext>

</blueprint>